* using log directory ‘/Users/luna/Desktop/datelife/..Rcheck’
* using R version 3.4.1 (2017-06-30)
* using platform: x86_64-apple-darwin15.6.0 (64-bit)
* using session charset: UTF-8
* checking for file ‘./DESCRIPTION’ ... OK
* this is package ‘datelife’ version ‘0.2.13’
* checking package namespace information ... OK
* checking package dependencies ... OK
* checking if this is a source package ... OK
* checking if there is a namespace ... OK
* checking for executable files ... WARNING
Found the following executable files:
  .git/objects/08/62980a899811f053f47b6ff386a3dd40b36f87
  .git/objects/11/cd2cb4be9ec6e91135e1d28a98b820e9d556bd
  .git/objects/24/1186d28c6b39be835b54a6bf0bc71ec68d74b8
  .git/objects/42/5af89593d1277087276c5e09a67d429f9d3c60
  .git/objects/56/aab9d73a24f229ad6627d0e2cd6ebe891f1b53
  .git/objects/6a/91b8ae2c407b7607d3636d6a480cc9c113de71
  .git/objects/72/923979c24629a9c3530fd9bbc53276a80f2c8c
  .git/objects/73/1ca80195b0d5f4d40bafdad6581a06e2cbf556
  .git/objects/80/1ac813e8d1d2393c659297ad732f8de93fccf6
  .git/objects/80/32ab51cea830743c75cc96da4c300a1f98d70f
  .git/objects/84/01c7406929f4a6d762914d65917f2b0946b3a7
  .git/objects/87/9f70a6df1536408a83596e0a05f75f24230c51
  .git/objects/93/ce79e3049e3d708ffa177844cd13e5636e1327
  .git/objects/95/f2bfba4300ef76ba0721138fd0359f7348ce45
  .git/objects/97/3ed1ac19f1aba05ada6913679d8e67175cd2e1
  .git/objects/a1/7f1af6d55af810e90a6b906062510572a907e0
  .git/objects/bc/da2e4572640b1e5af3c3dd1d2ff3dd6a825bba
  .git/objects/be/496ccb6ab3a3ca8fe1a2d15b9b4a0f208c0226
  .git/objects/d7/6d38d11480f4754c07d70cee4581a8b640fd48
  .git/objects/df/ee2f2d7ee77c4f9df1f7bbd1f298501c468794
  .git/objects/e3/99576898da1afa965658f51956534537ccd20f
  .git/objects/e7/a4128ea63fc54a145af3fa956b6173e066ca7d
  .git/objects/f4/26eff75f641d0b21994ea6a29519c5ebbd1e21
  .git/objects/fe/eb56613721e5681f202fe25a79e16f462c76e4
Source packages should not contain undeclared executable files.
See section ‘Package structure’ in the ‘Writing R Extensions’ manual.
* checking for hidden files and directories ... NOTE
Found the following hidden files and directories:
  .DS_Store
  .travis.yml
  ..Rcheck
  .git
These were most likely included in error. See section ‘Package
structure’ in the ‘Writing R Extensions’ manual.
* checking for portable file names ... OK
* checking for sufficient/correct file permissions ... OK
* checking whether package ‘datelife’ can be installed ... OK
* checking installed package size ... OK
* checking package directory ... OK
* checking DESCRIPTION meta-information ... NOTE
Checking should be performed on sources prepared by ‘R CMD build’.
* checking top-level files ... OK
* checking for left-over files ... OK
* checking index information ... OK
* checking package subdirectories ... WARNING
Found the following directory with the name of a check directory:
  ./..Rcheck
Most likely, these were included erroneously.
* checking R files for non-ASCII characters ... OK
* checking R files for syntax errors ... OK
* checking whether the package can be loaded ... OK
* checking whether the package can be loaded with stated dependencies ... OK
* checking whether the package can be unloaded cleanly ... OK
* checking whether the namespace can be loaded with stated dependencies ... OK
* checking whether the namespace can be unloaded cleanly ... OK
* checking loading without being on the library search path ... OK
* checking dependencies in R code ... OK
* checking S3 generic/method consistency ... OK
* checking replacement functions ... OK
* checking foreign function calls ... OK
* checking R code for possible problems ... OK
* checking Rd files ... WARNING
datelife_result_sdm.Rd: non-ASCII input and no declared encoding
problem found in ‘datelife_result_sdm.Rd’
* checking Rd metadata ... OK
* checking Rd cross-references ... OK
* checking for missing documentation entries ... WARNING
Undocumented code objects:
  ‘author.pretty’ ‘author.results’ ‘curator.pretty’ ‘curator.results’
  ‘opentree_chronograms’ ‘tb.author.pretty’ ‘tb.author.results’
Undocumented data sets:
  ‘author.pretty’ ‘author.results’ ‘curator.pretty’ ‘curator.results’
  ‘opentree_chronograms’ ‘tb.author.pretty’ ‘tb.author.results’
All user-level objects in a package should have documentation entries.
See chapter ‘Writing R documentation files’ in the ‘Writing R
Extensions’ manual.
* checking for code/documentation mismatches ... OK
* checking Rd \usage sections ... OK
* checking Rd contents ... OK
* checking for unstated dependencies in examples ... OK
* checking contents of ‘data’ directory ... OK
* checking data for non-ASCII characters ... WARNING
  Note: found 2026 marked UTF-8 strings
  Warning: found non-ASCII strings
  'Tom<c3><a1><c5><a1> Chrudims \'{y}' in object 'author.pretty'
  'Mar\'\ia Luisa Alarc<c3><b3>n' in object 'author.pretty'
  'Juan Jos<c3><a9> Aldasoro' in object 'author.pretty'
  'Alonzo Alfaro-N<c3><ba><c3><b1>ez' in object 'author.pretty'
  'S<c3><b3>nia C. S. Andrade' in object 'author.pretty'
  'C<c3><a9>line Arnathau' in object 'author.pretty'
  'Cristina B<c3><a1>rcenas' in object 'author.pretty'
  'C<c3><a1>ssio van den Berg' in object 'author.pretty'
  'C<c3><a9>line Bonillo' in object 'author.pretty'
  'B<c3><a1>rbara do Nascimento Borges' in object 'author.pretty'
  'Ant<c3><b3>nio J. Calado' in object 'author.pretty'
  '<c3><81>lvaro L. Pe<c3><b1>a Cantero' in object 'author.pretty'
  'Paco C<c3><a1>rdenas' in object 'author.pretty'
  'C.C. Carmar<c3><a1>n' in object 'author.pretty'
  'In<c3><aa>s Cordeiro' in object 'author.pretty'
  'Sergio C<c3><b3>rdoba-C<c3><b3>rdoba' in object 'author.pretty'
  'Pierre-Andr<c3><a9> Crochet' in object 'author.pretty'
  'Liza G<c3><b3>mez Daglio' in object 'author.pretty'
  'Liliana M. D<c3><a1>valos' in object 'author.pretty'
  'Fr<c3><a9>d<c3><a9>ric Delsuc' in object 'author.pretty'
  'Luisa F. Due<c3><b1>as' in object 'author.pretty'
  'M. Due<c3><b1>as' in object 'author.pretty'
  'MARTIN FIK<c3><81><c4><8c>EK' in object 'author.pretty'
  'Carlos Victor Mendon<c3><a7>a Filho' in object 'author.pretty'
  'Marli F<c3><a1>tima Fiore' in object 'author.pretty'
  'F<c3><a9>lix Forest' in object 'author.pretty'
  'F<c3><89>LIX FOREST' in object 'author.pretty'
  'Sylvain For<c3><aa>t' in object 'author.pretty'
  'Ren<c3><a9>e Fortunato' in object 'author.pretty'
  'J<c3><a9>r<c3><b4>me Fuchs' in object 'author.pretty'
  'J<c3><89>R<c3><94>ME FUCHS' in object 'author.pretty'
  'Merc<c3><a8> Galbany-Casals' in object 'author.pretty'
  'N<c3><ba>ria Garcia-Jacas' in object 'author.pretty'
  'M<c3><bc>ge Gidi<c5><9f>' in object 'author.pretty'
  'Adrianna Navarro G<c3><b3>mez' in object 'author.pretty'
  'Fernando G<c3><b3>mez' in object 'author.pretty'
  'Sandra G<c3><b3>mez-Acevedo' in object 'author.pretty'
  'Dolores Gonz<c3><a1>lez' in object 'author.pretty'
  'C. GONZ<c3><81>LEZ' in object 'author.pretty'
  'Carlos E. Gonz<c3><a1>lez-Orozco' in object 'author.pretty'
  'M<c3><a9>lanie Gourgue' in object 'author.pretty'
  'Luciana Gusm<c3><a3>o' in object 'author.pretty'
  'JI<c5><98><c3><8c> H<c3><81>JEK' in object 'author.pretty'
  'Maria L<c3><ba>cia Harada' in object 'author.pretty'
  'Blanca E. Hern<c3><81>ndez-ba<c3><91>os' in object 'author.pretty'
  'Tania Hern<c3><a1>ndez-Hern<c3><a1>ndez' in object 'author.pretty'
  'Jos<c3><a9> R. Hidalgo' in object 'author.pretty'
  'Jens T. H<c3><b8>eg' in object 'author.pretty'
  'Jens~Thorvald H<c3><b8>eg' in object 'author.pretty'
  'Jens T H<c3><b8>eg' in object 'author.pretty'
  'Fran<c3><a7>ois Van Hove' in object 'author.pretty'
  'Doroth<c3><a9>e Huchon' in object 'author.pretty'
  'V<c3><a1>clav Hyp<c5><a1>a' in object 'author.pretty'
  'Fr<c3><a9>d<c3><a9>ric M.B. Jacques' in object 'author.pretty'
  'Jan E. Jane<c4><8d>ka' in object 'author.pretty'
  'Jo<c3><ab>l J<c3><a9>r<c3><a9>mie' in object 'author.pretty'
  'Knud A. J<c3><b8>nsson' in object 'author.pretty'
  'Urmas K<c3><b5>ljalg' in object 'author.pretty'
  'Marcelo Kova<c4><8d>i<c4><87>' in object 'author.pretty'
  'Sanja Kova<c4><8d>i<c4><87>$\mathsemicolon$' in object 'author.pretty'
  'DAVID KR<c3><81>L' in object 'author.pretty'
  'B. Kry<c5><a1>tufek' in object 'author.pretty'
  'Thomas L<c3><a6>ss<c3><b8>e' in object 'author.pretty'
  'Lucas Lecl<c3><a8>re' in object 'author.pretty'
  'Jos<c3><a9> Pires Lemos-Filho' in object 'author.pretty'
  'J. Andr<c3><a9>s L<c3><b3>pez' in object 'author.pretty'
  'Purificaci<c3><b3>n L<c3><b3>pez-Garc\'\ia' in object 'author.pretty'
  'Carlos L<c3><b3>pez-Quintero' in object 'author.pretty'
  'J<c3><b8>rgen L<c3><bc>tzen' in object 'author.pretty'
  'Susana Magall<c3><b3>n' in object 'author.pretty'
  'Martin Malmstr<c3><b8>m' in object 'author.pretty'
  'S. N. D. Ma<c3><ba>sse-Sitoe' in object 'author.pretty'
  'M. M<c4><99>trak' in object 'author.pretty'
  'Fran<c3><a7>ois Michonneau' in object 'author.pretty'
  '<c3><98>jvind Moestrup' in object 'author.pretty'
  'Per M<c3><b8>lgaard' in object 'author.pretty'
  'Renato Jos<c3><a9> Reis Molica' in object 'author.pretty'
  'Peter Rask M<c3><b8>ller' in object 'author.pretty'
  'Arne <c3><98>. Mooers' in object 'author.pretty'
  'Andr<c3><a9> C. Morandini' in object 'author.pretty'
  'Fran<c3><a7>oise Munaut' in object 'author.pretty'
  'Petr N<c3><a1>dvorn\'\ik' in object 'author.pretty'
  'Rikke Reese N<c3><a6>sborg' in object 'author.pretty'
  'J<c3><b8>rgen G. Nielsen' in object 'author.pretty'
  'Dieudonn<c3><a9> Nkoghe' in object 'author.pretty'
  'Aline No<c3><a7>on' in object 'author.pretty'
  '<c3><81>rp<c3><a1>d S. Ny<c3><a1>ri' in object 'author.pretty'
  'S<c3><a9>bastien Patiny' in object 'author.pretty'
  'J. Paw<c5><82>owska' in object 'author.pretty'
  'Joshua V. Pe<c3><b1>alba' in object 'author.pretty'
  'S<c3><a9>rgio Luiz Pereira' in object 'author.pretty'
  'Mark H. Sabaj P<c3><a9>rez' in object 'author.pretty'
  'Jorge L. P<c3><a9>rez-Em<c3><a1>n' in object 'author.pretty'
  'Jorge P<c3><a9>rez-Em<c3><a1>n' in object 'author.pretty'
  'Marcos P<c3><a9>rez-Losada' in object 'author.pretty'
  'Herv<c3><a9> Philippe' in object 'author.pretty'
  'M<c3><81>RIO C. C. DE PINNA' in object 'author.pretty'
  'Kadri P<c3><b5>ldmaa' in object 'author.pretty'
  'C<c3><a9>line Poux' in object 'author.pretty'
  'Fran<c3><a7>ois Renaud' in object 'author.pretty'
  'Renata Ac<c3><a1>cio Ribeiro' in object 'author.pretty'
  'Jean-Michel Ris<c3><a8>de' in object 'author.pretty'
  'Roc\'\io Rodiles-Hern<c3><a1>ndez' in object 'author.pretty'
  'Pedro Rom<c3><b3>n' in object 'author.pretty'
  'Nina R<c3><b8>nsted' in object 'author.pretty'
  'B<c3><a9>atrice Roure' in object 'author.pretty'
  'Lloren<c3><a7> S<c3><a1>ez' in object 'author.pretty'
  'Marie-St<c3><a9>phanie Samain' in object 'author.pretty'
  'Juan A. S<c3><a1>nchez' in object 'author.pretty'
  'Marisol S<c3><a1>nchez-Garc\'\ia' in object 'author.pretty'
  'Luna L. S<c3><a1>nchez-Reyes' in object 'author.pretty'
  'C<c3><a9>lia Leite Sant\textquotesingleAnna' in object 'author.pretty'
  'Herv<c3><aa> Sauquet' in object 'author.pretty'
  'LUKA<c5><a0> SEKERKA' in object 'author.pretty'
  'Hector N. Seu<c3><a1>nez' in object 'author.pretty'
  'A. <c5><9a>liwi<c5><84>ska-Wyrzychowska' in object 'author.pretty'
  'Linn<c3><a9>a Smeds' in object 'author.pretty'
  '<c3><89>lvia Rodrigues de Souza' in object 'author.pretty'
  'S<c3><a9>rgio N. Stampar' in object 'author.pretty'
  'Sa<c5><a1>a Stefanovi<c4><87>' in object 'author.pretty'
  'Ver<c3><b3>nica S. Di Stilio' in object 'author.pretty'
  'Tam<c3><a1>s Sz<c3><a9>kely' in object 'author.pretty'
  'Christophe Th<c3><a9>baud' in object 'author.pretty'
  'Ole K T<c3><b8>rresen' in object 'author.pretty'
  'Fr<c3><a9>d<c3><a9>ric Tronchet' in object 'author.pretty'
  'Joan Vall<c3><a8>s' in object 'author.pretty'
  'Ximena V<c3><a9>lez-Zuazo' in object 'author.pretty'
  'T<c3><a2>nia Wendt' in object 'author.pretty'
  'L. Z<c3><ba><c3><b1>iga-Estrada' in object 'author.pretty'
  'Herv<c3><a9> Philippe' in object 'author.results'
  'Doroth<c3><a9>e Huchon' in object 'author.results'
  'Luciana Gusm<c3><a3>o' in object 'author.results'
  'V<c3><a1>clav Hyp<c5><a1>a' in object 'author.results'
  '<c3><81>lvaro L. Pe<c3><b1>a Cantero' in object 'author.results'
  'Sylvain For<c3><aa>t' in object 'author.results'
  'Luisa F. Due<c3><b1>as' in object 'author.results'
  'Juan A. S<c3><a1>nchez' in object 'author.results'
  'Lucas Lecl<c3><a8>re' in object 'author.results'
  'S<c3><a9>rgio N. Stampar' in object 'author.results'
  'Andr<c3><a9> C. Morandini' in object 'author.results'
  'Martin Malmstr<c3><b8>m' in object 'author.results'
  'Ole K T<c3><b8>rresen' in object 'author.results'
  'Peter Rask M<c3><b8>ller' in object 'author.results'
  'J<c3><b8>rgen G. Nielsen' in object 'author.results'
  'J. Andr<c3><a9>s L<c3><b3>pez' in object 'author.results'
  'Thomas L<c3><a6>ss<c3><b8>e' in object 'author.results'
  'L. Z<c3><ba><c3><b1>iga-Estrada' in object 'author.results'
  'S. N. D. Ma<c3><ba>sse-Sitoe' in object 'author.results'
  'J. Paw<c5><82>owska' in object 'author.results'
  'A. <c5><9a>liwi<c5><84>ska-Wyrzychowska' in object 'author.results'
  'M. M<c4><99>trak' in object 'author.results'
  'M. Due<c3><b1>as' in object 'author.results'
  'Kadri P<c3><b5>ldmaa' in object 'author.results'
  'Fran<c3><a7>oise Munaut' in object 'author.results'
  'Fran<c3><a7>ois Van Hove' in object 'author.results'
  'Jean-Michel Ris<c3><a8>de' in object 'author.results'
  'M<c3><a9>lanie Gourgue' in object 'author.results'
  'Urmas K<c3><b5>ljalg' in object 'author.results'
  'Roc\'\io Rodiles-Hern<c3><a1>ndez' in object 'author.results'
  'M<c3><81>RIO C. C. DE PINNA' in object 'author.results'
  'Liza G<c3><b3>mez Daglio' in object 'author.results'
  'J<c3><b8>rgen L<c3><bc>tzen' in object 'author.results'
  'Fran<c3><a7>ois Michonneau' in object 'author.results'
  'Marcos P<c3><a9>rez-Losada' in object 'author.results'
  'Jens T. H<c3><b8>eg' in object 'author.results'
  'Jens~Thorvald H<c3><b8>eg' in object 'author.results'
  'Jens T H<c3><b8>eg' in object 'author.results'
  'Fr<c3><a9>d<c3><a9>ric M.B. Jacques' in object 'author.results'
  'F<c3><89>LIX FOREST' in object 'author.results'
  'Ver<c3><b3>nica S. Di Stilio' in object 'author.results'
  'C<c3><a1>ssio van den Berg' in object 'author.results'
  'Nina R<c3><b8>nsted' in object 'author.results'
  'Per M<c3><b8>lgaard' in object 'author.results'
  'T<c3><a2>nia Wendt' in object 'author.results'
  '<c3><89>lvia Rodrigues de Souza' in object 'author.results'
  'F<c3><a9>lix Forest' in object 'author.results'
  'Renata Ac<c3><a1>cio Ribeiro' in object 'author.results'
  'Jos<c3><a9> Pires Lemos-Filho' in object 'author.results'
  'Carlos Victor Mendon<c3><a7>a Filho' in object 'author.results'
  'Ren<c3><a9>e Fortunato' in object 'author.results'
  'Sa<c5><a1>a Stefanovi<c4><87>' in object 'author.results'
  'Carlos E. Gonz<c3><a1>lez-Orozco' in object 'author.results'
  'L<c3><ba>cia G. Lohmann' in object 'author.results'
  'Fr<c3><a9>d<c3><a9>ric Tronchet' in object 'author.results'
  'Jo<c3><ab>l J<c3><a9>r<c3><a9>mie' in object 'author.results'
  'Merc<c3><a8> Galbany-Casals' in object 'author.results'
  'N<c3><ba>ria Garcia-Jacas' in object 'author.results'
  'Lloren<c3><a7> S<c3><a1>ez' in object 'author.results'
  'Joan Vall<c3><a8>s' in object 'author.results'
  'Sanja Kova<c4><8d>i<c4><87>$\mathsemicolon$' in object 'author.results'
  'In<c3><aa>s Cordeiro' in object 'author.results'
  'Mar\'\ia Luisa Alarc<c3><b3>n' in object 'author.results'
  'Juan Jos<c3><a9> Aldasoro' in object 'author.results'
  'Marie-St<c3><a9>phanie Samain' in object 'author.results'
  'Dolores Gonz<c3><a1>lez' in object 'author.results'
  'Cristina B<c3><a1>rcenas' in object 'author.results'
  'Adrianna Navarro G<c3><b3>mez' in object 'author.results'
  'Herv<c3><aa> Sauquet' in object 'author.results'
  'Susana Magall<c3><b3>n' in object 'author.results'
  'Sandra G<c3><b3>mez-Acevedo' in object 'author.results'
  'Luna L. S<c3><a1>nchez-Reyes' in object 'author.results'
  'Tania Hern<c3><a1>ndez-Hern<c3><a1>ndez' in object 'author.results'
  'JI<c5><98><c3><8c> H<c3><81>JEK' in object 'author.results'
  'DAVID KR<c3><81>L' in object 'author.results'
  'LUKA<c5><a0> SEKERKA' in object 'author.results'
  'MARTIN FIK<c3><81><c4><8c>EK' in object 'author.results'
  'Arne <c3><98>. Mooers' in object 'author.results'
  'Christophe Th<c3><a9>baud' in object 'author.results'
  'Petr N<c3><a1>dvorn\'\ik' in object 'author.results'
  'C. GONZ<c3><81>LEZ' in object 'author.results'
  'Tam<c3><a1>s Sz<c3><a9>kely' in object 'author.results'
  'J<c3><a9>r<c3><b4>me Fuchs' in object 'author.results'
  'C<c3><a9>line Bonillo' in object 'author.results'
  'J<c3><89>R<c3><94>ME FUCHS' in object 'author.results'
  'Joshua V. Pe<c3><b1>alba' in object 'author.results'
  'Alonzo Alfaro-N<c3><ba><c3><b1>ez' in object 'author.results'
  'S<c3><a9>rgio Luiz Pereira' in object 'author.results'
  'Blanca E. Hern<c3><81>ndez-ba<c3><91>os' in object 'author.results'
  '<c3><81>rp<c3><a1>d S. Ny<c3><a1>ri' in object 'author.results'
  'Knud A. J<c3><b8>nsson' in object 'author.results'
  'Jorge L. P<c3><a9>rez-Em<c3><a1>n' in object 'author.results'
  'Sergio C<c3><b3>rdoba-C<c3><b3>rdoba' in object 'author.results'
  'Pierre-Andr<c3><a9> Crochet' in object 'author.results'
  'Jorge P<c3><a9>rez-Em<c3><a1>n' in object 'author.results'
  'Jos<c3><a9> R. Hidalgo' in object 'author.results'
  'Linn<c3><a9>a Smeds' in object 'author.results'
  'C<c3><a9>line Poux' in object 'author.results'
  'B. Kry<c5><a1>tufek' in object 'author.results'
  'Fr<c3><a9>d<c3><a9>ric Delsuc' in object 'author.results'
  'Aline No<c3><a7>on' in object 'author.results'
  'Jan E. Jane<c4><8d>ka' in object 'author.results'
  'Hector N. Seu<c3><a1>nez' in object 'author.results'
  'Marcelo Kova<c4><8d>i<c4><87>' in object 'author.results'
  'Ximena V<c3><a9>lez-Zuazo' in object 'author.results'
  'M<c3><bc>ge Gidi<c5><9f>' in object 'author.results'
  'S<c3><a9>bastien Patiny' in object 'author.results'
  'Paco C<c3><a1>rdenas' in object 'author.results'
  'B<c3><a9>atrice Roure' in object 'author.results'
  'S<c3><b3>nia C. S. Andrade' in object 'author.results'
  'Liliana M. D<c3><a1>valos' in object 'author.results'
  'Rikke Reese N<c3><a6>sborg' in object 'author.results'
  'Tom<c3><a1><c5><a1> Chrudims \'{y}' in object 'author.results'
  'Marli F<c3><a1>tima Fiore' in object 'author.results'
  'C<c3><a9>lia Leite Sant\textquotesingleAnna' in object 'author.results'
  'Renato Jos<c3><a9> Reis Molica' in object 'author.results'
  'Fernando G<c3><b3>mez' in object 'author.results'
  'Purificaci<c3><b3>n L<c3><b3>pez-Garc\'\ia' in object 'author.results'
  'Mark H. Sabaj P<c3><a9>rez' in object 'author.results'
  'Marisol S<c3><a1>nchez-Garc\'\ia' in object 'author.results'
  'Pedro Rom<c3><b3>n' in object 'author.results'
  'Ant<c3><b3>nio J. Calado' in object 'author.results'
  '<c3><98>jvind Moestrup' in object 'author.results'
  'B<c3><a1>rbara do Nascimento Borges' in object 'author.results'
  'Maria L<c3><ba>cia Harada' in object 'author.results'
  'Carlos L<c3><b3>pez-Quintero' in object 'author.results'
  'C.C. Carmar<c3><a1>n' in object 'author.results'
  'C<c3><a9>line Arnathau' in object 'author.results'
  'Dieudonn<c3><a9> Nkoghe' in object 'author.results'
  'Fran<c3><a7>ois Renaud' in object 'author.results'
  'Andr<c3><a9> E. R. Soares' in object 'opentree_chronograms'
  'Ana Galv<c3><a3>o' in object 'opentree_chronograms'
  'J<c3><a9>r<c3><b4>me Chave' in object 'opentree_chronograms'
  'Knud A. J<c3><b8>nsson' in object 'opentree_chronograms'
  'Joshua V. Pe<c3><b1>alba' in object 'opentree_chronograms'
  'Se<c3><a1>n G Brady' in object 'opentree_chronograms'
  'Arne <c3><98>. Mooers' in object 'opentree_chronograms'
  'Susana Magall<c3><b3>n' in object 'opentree_chronograms'
  'Sandra G<c3><b3>mez-Acevedo' in object 'opentree_chronograms'
  'Luna L. S<c3><a1>nchez-Reyes' in object 'opentree_chronograms'
  'Tania Hern<c3><a1>ndez-Hern<c3><a1>ndez' in object 'opentree_chronograms'
  'Knud Andreas J<c3><b8>nsson' in object 'opentree_chronograms'
  'Fr<c3><a9>d<c3><a9>ric Delsuc' in object 'opentree_chronograms'
  'JI<c5><98><c3><8c> H<c3><81>JEK' in object 'opentree_chronograms'
  'DAVID KR<c3><81>L' in object 'opentree_chronograms'
  'LUKA<c5><a0> SEKERKA' in object 'opentree_chronograms'
  'MARTIN FIK<c3><81><c4><8c>EK' in object 'opentree_chronograms'
  'Martin Malmstr<c3><b8>m' in object 'opentree_chronograms'
  'Ole K T<c3><b8>rresen' in object 'opentree_chronograms'
  'ADAM <c5><9a>LIPI<c5><83>SKI' in object 'opentree_chronograms'
  'J<c3><a9>r<c3><b4>me Fuchs' in object 'opentree_chronograms'
  'Herv<c3><aa> Sauquet' in object 'opentree_chronograms'
  'Markus S<c3><a4>llman Alm<c3><a9>n' in object 'opentree_chronograms'
  'L<c3><ba>cia G. Lohmann' in object 'opentree_chronograms'
  'C<c3><a9>lio F B Haddad' in object 'opentree_chronograms'
  'FRANCISCO J. VALTUE<c3><91>A' in object 'opentree_chronograms'
  'Jorge P<c3><a9>rez-Em<c3><a1>n' in object 'opentree_chronograms'
  'Carmelo And<c3><ba>jar' in object 'opentree_chronograms'
  'Jos<c3><a9> Serrano' in object 'opentree_chronograms'
  'Jes<c3><ba>s G<c3><b3>mez-Zurita' in object 'opentree_chronograms'
  'Jorge L. P<c3><a9>rez-Em<c3><a1>n' in object 'opentree_chronograms'
  'Sergio C<c3><b3>rdoba-C<c3><b3>rdoba' in object 'opentree_chronograms'
  'Jan E. Jane<c4><8d>ka' in object 'opentree_chronograms'
  'C<c3><a9>line Bonillo' in object 'opentree_chronograms'
* checking data for ASCII and uncompressed saves ... OK
* checking examples ... OK
* checking for unstated dependencies in ‘tests’ ... OK
* checking tests ... OK
  Running ‘testthat.R’
* checking PDF version of manual ... OK
* DONE
Status: 5 WARNINGs, 2 NOTEs
